<?xml version="1.0" encoding="UTF-8"?>
<testsuite xmlns:xsi="http://www.w3.org/2001/XMLSchema-instance" xsi:noNamespaceSchemaLocation="https://maven.apache.org/surefire/maven-surefire-plugin/xsd/surefire-test-report.xsd" name="br.com.guimsmendes.dnasimians.unit.entrypoint.controller.SimianControllerTest" time="0.89" tests="6" errors="0" skipped="0" failures="0">
  <properties>
    <property name="sun.desktop" value="gnome"/>
    <property name="awt.toolkit" value="sun.awt.X11.XToolkit"/>
    <property name="java.specification.version" value="11"/>
    <property name="sun.cpu.isalist" value=""/>
    <property name="sun.jnu.encoding" value="UTF-8"/>
    <property name="java.class.path" value="/home/mendes/Documents/dna-simians/target/test-classes:/home/mendes/Documents/dna-simians/target/classes:/home/mendes/.m2/repository/io/springfox/springfox-boot-starter/3.0.0/springfox-boot-starter-3.0.0.jar:/home/mendes/.m2/repository/io/springfox/springfox-oas/3.0.0/springfox-oas-3.0.0.jar:/home/mendes/.m2/repository/io/swagger/core/v3/swagger-annotations/2.1.2/swagger-annotations-2.1.2.jar:/home/mendes/.m2/repository/io/swagger/core/v3/swagger-models/2.1.2/swagger-models-2.1.2.jar:/home/mendes/.m2/repository/com/fasterxml/jackson/core/jackson-annotations/2.11.4/jackson-annotations-2.11.4.jar:/home/mendes/.m2/repository/io/springfox/springfox-spi/3.0.0/springfox-spi-3.0.0.jar:/home/mendes/.m2/repository/io/springfox/springfox-schema/3.0.0/springfox-schema-3.0.0.jar:/home/mendes/.m2/repository/io/springfox/springfox-spring-web/3.0.0/springfox-spring-web-3.0.0.jar:/home/mendes/.m2/repository/io/github/classgraph/classgraph/4.8.83/classgraph-4.8.83.jar:/home/mendes/.m2/repository/io/springfox/springfox-spring-webflux/3.0.0/springfox-spring-webflux-3.0.0.jar:/home/mendes/.m2/repository/io/springfox/springfox-swagger-common/3.0.0/springfox-swagger-common-3.0.0.jar:/home/mendes/.m2/repository/io/springfox/springfox-data-rest/3.0.0/springfox-data-rest-3.0.0.jar:/home/mendes/.m2/repository/io/springfox/springfox-bean-validators/3.0.0/springfox-bean-validators-3.0.0.jar:/home/mendes/.m2/repository/io/springfox/springfox-swagger2/3.0.0/springfox-swagger2-3.0.0.jar:/home/mendes/.m2/repository/io/swagger/swagger-annotations/1.5.20/swagger-annotations-1.5.20.jar:/home/mendes/.m2/repository/io/swagger/swagger-models/1.5.20/swagger-models-1.5.20.jar:/home/mendes/.m2/repository/com/fasterxml/classmate/1.5.1/classmate-1.5.1.jar:/home/mendes/.m2/repository/org/slf4j/slf4j-api/1.7.30/slf4j-api-1.7.30.jar:/home/mendes/.m2/repository/org/springframework/plugin/spring-plugin-core/2.0.0.RELEASE/spring-plugin-core-2.0.0.RELEASE.jar:/home/mendes/.m2/repository/org/springframework/spring-beans/5.3.5/spring-beans-5.3.5.jar:/home/mendes/.m2/repository/org/springframework/spring-aop/5.3.5/spring-aop-5.3.5.jar:/home/mendes/.m2/repository/org/springframework/plugin/spring-plugin-metadata/2.0.0.RELEASE/spring-plugin-metadata-2.0.0.RELEASE.jar:/home/mendes/.m2/repository/io/springfox/springfox-swagger-ui/3.0.0/springfox-swagger-ui-3.0.0.jar:/home/mendes/.m2/repository/io/springfox/springfox-spring-webmvc/3.0.0/springfox-spring-webmvc-3.0.0.jar:/home/mendes/.m2/repository/io/springfox/springfox-core/3.0.0/springfox-core-3.0.0.jar:/home/mendes/.m2/repository/net/bytebuddy/byte-buddy/1.10.22/byte-buddy-1.10.22.jar:/home/mendes/.m2/repository/org/springframework/boot/spring-boot-starter-actuator/2.4.4/spring-boot-starter-actuator-2.4.4.jar:/home/mendes/.m2/repository/org/springframework/boot/spring-boot-starter/2.4.4/spring-boot-starter-2.4.4.jar:/home/mendes/.m2/repository/org/springframework/boot/spring-boot-starter-logging/2.4.4/spring-boot-starter-logging-2.4.4.jar:/home/mendes/.m2/repository/ch/qos/logback/logback-classic/1.2.3/logback-classic-1.2.3.jar:/home/mendes/.m2/repository/ch/qos/logback/logback-core/1.2.3/logback-core-1.2.3.jar:/home/mendes/.m2/repository/org/apache/logging/log4j/log4j-to-slf4j/2.13.3/log4j-to-slf4j-2.13.3.jar:/home/mendes/.m2/repository/org/apache/logging/log4j/log4j-api/2.13.3/log4j-api-2.13.3.jar:/home/mendes/.m2/repository/org/slf4j/jul-to-slf4j/1.7.30/jul-to-slf4j-1.7.30.jar:/home/mendes/.m2/repository/jakarta/annotation/jakarta.annotation-api/1.3.5/jakarta.annotation-api-1.3.5.jar:/home/mendes/.m2/repository/org/yaml/snakeyaml/1.27/snakeyaml-1.27.jar:/home/mendes/.m2/repository/org/springframework/boot/spring-boot-actuator-autoconfigure/2.4.4/spring-boot-actuator-autoconfigure-2.4.4.jar:/home/mendes/.m2/repository/org/springframework/boot/spring-boot-actuator/2.4.4/spring-boot-actuator-2.4.4.jar:/home/mendes/.m2/repository/com/fasterxml/jackson/core/jackson-databind/2.11.4/jackson-databind-2.11.4.jar:/home/mendes/.m2/repository/com/fasterxml/jackson/core/jackson-core/2.11.4/jackson-core-2.11.4.jar:/home/mendes/.m2/repository/com/fasterxml/jackson/datatype/jackson-datatype-jsr310/2.11.4/jackson-datatype-jsr310-2.11.4.jar:/home/mendes/.m2/repository/io/micrometer/micrometer-core/1.6.5/micrometer-core-1.6.5.jar:/home/mendes/.m2/repository/org/hdrhistogram/HdrHistogram/2.1.12/HdrHistogram-2.1.12.jar:/home/mendes/.m2/repository/org/latencyutils/LatencyUtils/2.0.3/LatencyUtils-2.0.3.jar:/home/mendes/.m2/repository/org/springframework/boot/spring-boot-devtools/2.4.4/spring-boot-devtools-2.4.4.jar:/home/mendes/.m2/repository/org/springframework/boot/spring-boot/2.4.4/spring-boot-2.4.4.jar:/home/mendes/.m2/repository/org/springframework/boot/spring-boot-autoconfigure/2.4.4/spring-boot-autoconfigure-2.4.4.jar:/home/mendes/.m2/repository/org/springframework/boot/spring-boot-starter-test/2.4.4/spring-boot-starter-test-2.4.4.jar:/home/mendes/.m2/repository/org/springframework/boot/spring-boot-test/2.4.4/spring-boot-test-2.4.4.jar:/home/mendes/.m2/repository/org/springframework/boot/spring-boot-test-autoconfigure/2.4.4/spring-boot-test-autoconfigure-2.4.4.jar:/home/mendes/.m2/repository/com/jayway/jsonpath/json-path/2.4.0/json-path-2.4.0.jar:/home/mendes/.m2/repository/net/minidev/json-smart/2.3/json-smart-2.3.jar:/home/mendes/.m2/repository/net/minidev/accessors-smart/1.2/accessors-smart-1.2.jar:/home/mendes/.m2/repository/org/ow2/asm/asm/5.0.4/asm-5.0.4.jar:/home/mendes/.m2/repository/jakarta/xml/bind/jakarta.xml.bind-api/2.3.3/jakarta.xml.bind-api-2.3.3.jar:/home/mendes/.m2/repository/jakarta/activation/jakarta.activation-api/1.2.2/jakarta.activation-api-1.2.2.jar:/home/mendes/.m2/repository/org/assertj/assertj-core/3.18.1/assertj-core-3.18.1.jar:/home/mendes/.m2/repository/org/hamcrest/hamcrest/2.2/hamcrest-2.2.jar:/home/mendes/.m2/repository/org/junit/jupiter/junit-jupiter/5.7.1/junit-jupiter-5.7.1.jar:/home/mendes/.m2/repository/org/junit/jupiter/junit-jupiter-api/5.7.1/junit-jupiter-api-5.7.1.jar:/home/mendes/.m2/repository/org/opentest4j/opentest4j/1.2.0/opentest4j-1.2.0.jar:/home/mendes/.m2/repository/org/junit/platform/junit-platform-commons/1.7.1/junit-platform-commons-1.7.1.jar:/home/mendes/.m2/repository/org/junit/jupiter/junit-jupiter-params/5.7.1/junit-jupiter-params-5.7.1.jar:/home/mendes/.m2/repository/org/junit/jupiter/junit-jupiter-engine/5.7.1/junit-jupiter-engine-5.7.1.jar:/home/mendes/.m2/repository/org/junit/platform/junit-platform-engine/1.7.1/junit-platform-engine-1.7.1.jar:/home/mendes/.m2/repository/org/mockito/mockito-core/3.6.28/mockito-core-3.6.28.jar:/home/mendes/.m2/repository/net/bytebuddy/byte-buddy-agent/1.10.22/byte-buddy-agent-1.10.22.jar:/home/mendes/.m2/repository/org/objenesis/objenesis/3.1/objenesis-3.1.jar:/home/mendes/.m2/repository/org/mockito/mockito-junit-jupiter/3.6.28/mockito-junit-jupiter-3.6.28.jar:/home/mendes/.m2/repository/org/skyscreamer/jsonassert/1.5.0/jsonassert-1.5.0.jar:/home/mendes/.m2/repository/com/vaadin/external/google/android-json/0.0.20131108.vaadin1/android-json-0.0.20131108.vaadin1.jar:/home/mendes/.m2/repository/org/springframework/spring-core/5.3.5/spring-core-5.3.5.jar:/home/mendes/.m2/repository/org/springframework/spring-jcl/5.3.5/spring-jcl-5.3.5.jar:/home/mendes/.m2/repository/org/springframework/spring-test/5.3.5/spring-test-5.3.5.jar:/home/mendes/.m2/repository/org/xmlunit/xmlunit-core/2.7.0/xmlunit-core-2.7.0.jar:/home/mendes/.m2/repository/junit/junit/4.13.2/junit-4.13.2.jar:/home/mendes/.m2/repository/org/hamcrest/hamcrest-core/2.2/hamcrest-core-2.2.jar:/home/mendes/.m2/repository/org/mockito/mockito-all/1.10.19/mockito-all-1.10.19.jar:/home/mendes/.m2/repository/io/rest-assured/rest-assured/3.3.0/rest-assured-3.3.0.jar:/home/mendes/.m2/repository/org/codehaus/groovy/groovy/2.5.14/groovy-2.5.14.jar:/home/mendes/.m2/repository/org/codehaus/groovy/groovy-xml/2.5.14/groovy-xml-2.5.14.jar:/home/mendes/.m2/repository/org/apache/httpcomponents/httpclient/4.5.13/httpclient-4.5.13.jar:/home/mendes/.m2/repository/org/apache/httpcomponents/httpcore/4.4.14/httpcore-4.4.14.jar:/home/mendes/.m2/repository/commons-codec/commons-codec/1.15/commons-codec-1.15.jar:/home/mendes/.m2/repository/org/apache/httpcomponents/httpmime/4.5.13/httpmime-4.5.13.jar:/home/mendes/.m2/repository/org/hamcrest/hamcrest-library/2.2/hamcrest-library-2.2.jar:/home/mendes/.m2/repository/org/ccil/cowan/tagsoup/tagsoup/1.2.1/tagsoup-1.2.1.jar:/home/mendes/.m2/repository/io/rest-assured/json-path/3.3.0/json-path-3.3.0.jar:/home/mendes/.m2/repository/org/codehaus/groovy/groovy-json/2.5.14/groovy-json-2.5.14.jar:/home/mendes/.m2/repository/io/rest-assured/rest-assured-common/3.3.0/rest-assured-common-3.3.0.jar:/home/mendes/.m2/repository/io/rest-assured/xml-path/3.3.0/xml-path-3.3.0.jar:/home/mendes/.m2/repository/org/apache/commons/commons-lang3/3.11/commons-lang3-3.11.jar:/home/mendes/.m2/repository/javax/xml/bind/jaxb-api/2.3.1/jaxb-api-2.3.1.jar:/home/mendes/.m2/repository/com/sun/xml/bind/jaxb-osgi/2.2.10/jaxb-osgi-2.2.10.jar:/home/mendes/.m2/repository/org/apache/sling/org.apache.sling.javax.activation/0.1.0/org.apache.sling.javax.activation-0.1.0.jar:/home/mendes/.m2/repository/javax/activation/activation/1.1.1/activation-1.1.1.jar:/home/mendes/.m2/repository/io/cucumber/cucumber-java8/6.8.1/cucumber-java8-6.8.1.jar:/home/mendes/.m2/repository/io/cucumber/cucumber-core/6.8.1/cucumber-core-6.8.1.jar:/home/mendes/.m2/repository/io/cucumber/cucumber-gherkin/6.8.1/cucumber-gherkin-6.8.1.jar:/home/mendes/.m2/repository/io/cucumber/cucumber-gherkin-messages/6.8.1/cucumber-gherkin-messages-6.8.1.jar:/home/mendes/.m2/repository/io/cucumber/messages/13.1.0/messages-13.1.0.jar:/home/mendes/.m2/repository/io/cucumber/tag-expressions/3.0.0/tag-expressions-3.0.0.jar:/home/mendes/.m2/repository/io/cucumber/cucumber-expressions/10.3.0/cucumber-expressions-10.3.0.jar:/home/mendes/.m2/repository/io/cucumber/datatable/3.5.0/datatable-3.5.0.jar:/home/mendes/.m2/repository/io/cucumber/cucumber-plugin/6.8.1/cucumber-plugin-6.8.1.jar:/home/mendes/.m2/repository/io/cucumber/docstring/6.8.1/docstring-6.8.1.jar:/home/mendes/.m2/repository/io/cucumber/html-formatter/9.0.0/html-formatter-9.0.0.jar:/home/mendes/.m2/repository/io/cucumber/create-meta/2.0.2/create-meta-2.0.2.jar:/home/mendes/.m2/repository/org/apiguardian/apiguardian-api/1.1.0/apiguardian-api-1.1.0.jar:/home/mendes/.m2/repository/net/jodah/typetools/0.6.2/typetools-0.6.2.jar:/home/mendes/.m2/repository/io/cucumber/cucumber-spring/6.8.1/cucumber-spring-6.8.1.jar:/home/mendes/.m2/repository/io/cucumber/cucumber-junit/6.8.1/cucumber-junit-6.8.1.jar:/home/mendes/.m2/repository/io/awspring/cloud/spring-cloud-aws-context/2.3.0/spring-cloud-aws-context-2.3.0.jar:/home/mendes/.m2/repository/io/awspring/cloud/spring-cloud-aws-core/2.3.0/spring-cloud-aws-core-2.3.0.jar:/home/mendes/.m2/repository/com/amazonaws/aws-java-sdk-core/1.11.951/aws-java-sdk-core-1.11.951.jar:/home/mendes/.m2/repository/software/amazon/ion/ion-java/1.0.2/ion-java-1.0.2.jar:/home/mendes/.m2/repository/com/fasterxml/jackson/dataformat/jackson-dataformat-cbor/2.11.4/jackson-dataformat-cbor-2.11.4.jar:/home/mendes/.m2/repository/joda-time/joda-time/2.8.1/joda-time-2.8.1.jar:/home/mendes/.m2/repository/com/amazonaws/aws-java-sdk-s3/1.11.951/aws-java-sdk-s3-1.11.951.jar:/home/mendes/.m2/repository/com/amazonaws/aws-java-sdk-kms/1.11.951/aws-java-sdk-kms-1.11.951.jar:/home/mendes/.m2/repository/com/amazonaws/aws-java-sdk-ec2/1.11.951/aws-java-sdk-ec2-1.11.951.jar:/home/mendes/.m2/repository/org/springframework/spring-context/5.3.5/spring-context-5.3.5.jar:/home/mendes/.m2/repository/org/springframework/spring-expression/5.3.5/spring-expression-5.3.5.jar:/home/mendes/.m2/repository/javax/activation/javax.activation-api/1.2.0/javax.activation-api-1.2.0.jar:/home/mendes/.m2/repository/io/awspring/cloud/spring-cloud-aws-messaging/2.3.0/spring-cloud-aws-messaging-2.3.0.jar:/home/mendes/.m2/repository/com/amazonaws/aws-java-sdk-sns/1.11.951/aws-java-sdk-sns-1.11.951.jar:/home/mendes/.m2/repository/com/amazonaws/jmespath-java/1.11.951/jmespath-java-1.11.951.jar:/home/mendes/.m2/repository/com/amazonaws/aws-java-sdk-sqs/1.11.951/aws-java-sdk-sqs-1.11.951.jar:/home/mendes/.m2/repository/org/springframework/spring-messaging/5.3.5/spring-messaging-5.3.5.jar:/home/mendes/.m2/repository/javax/validation/validation-api/2.0.1.Final/validation-api-2.0.1.Final.jar:/home/mendes/.m2/repository/org/springframework/boot/spring-boot-starter-web/2.4.4/spring-boot-starter-web-2.4.4.jar:/home/mendes/.m2/repository/org/springframework/boot/spring-boot-starter-json/2.4.4/spring-boot-starter-json-2.4.4.jar:/home/mendes/.m2/repository/com/fasterxml/jackson/datatype/jackson-datatype-jdk8/2.11.4/jackson-datatype-jdk8-2.11.4.jar:/home/mendes/.m2/repository/com/fasterxml/jackson/module/jackson-module-parameter-names/2.11.4/jackson-module-parameter-names-2.11.4.jar:/home/mendes/.m2/repository/org/springframework/boot/spring-boot-starter-tomcat/2.4.4/spring-boot-starter-tomcat-2.4.4.jar:/home/mendes/.m2/repository/org/apache/tomcat/embed/tomcat-embed-core/9.0.44/tomcat-embed-core-9.0.44.jar:/home/mendes/.m2/repository/org/glassfish/jakarta.el/3.0.3/jakarta.el-3.0.3.jar:/home/mendes/.m2/repository/org/apache/tomcat/embed/tomcat-embed-websocket/9.0.44/tomcat-embed-websocket-9.0.44.jar:/home/mendes/.m2/repository/org/springframework/spring-web/5.3.5/spring-web-5.3.5.jar:/home/mendes/.m2/repository/org/springframework/spring-webmvc/5.3.5/spring-webmvc-5.3.5.jar:/home/mendes/.m2/repository/org/mapstruct/mapstruct/1.4.1.Final/mapstruct-1.4.1.Final.jar:/home/mendes/.m2/repository/org/postgresql/postgresql/42.2.19/postgresql-42.2.19.jar:/home/mendes/.m2/repository/org/checkerframework/checker-qual/3.5.0/checker-qual-3.5.0.jar:/home/mendes/.m2/repository/org/springframework/boot/spring-boot-starter-data-jdbc/2.4.4/spring-boot-starter-data-jdbc-2.4.4.jar:/home/mendes/.m2/repository/org/springframework/boot/spring-boot-starter-jdbc/2.4.4/spring-boot-starter-jdbc-2.4.4.jar:/home/mendes/.m2/repository/com/zaxxer/HikariCP/3.4.5/HikariCP-3.4.5.jar:/home/mendes/.m2/repository/org/springframework/spring-jdbc/5.3.5/spring-jdbc-5.3.5.jar:/home/mendes/.m2/repository/org/springframework/data/spring-data-jdbc/2.1.6/spring-data-jdbc-2.1.6.jar:/home/mendes/.m2/repository/org/springframework/data/spring-data-relational/2.1.6/spring-data-relational-2.1.6.jar:/home/mendes/.m2/repository/org/springframework/data/spring-data-commons/2.4.6/spring-data-commons-2.4.6.jar:/home/mendes/.m2/repository/org/springframework/spring-tx/5.3.5/spring-tx-5.3.5.jar:/home/mendes/.m2/repository/org/springframework/boot/spring-boot-starter-data-jpa/2.4.4/spring-boot-starter-data-jpa-2.4.4.jar:/home/mendes/.m2/repository/org/springframework/boot/spring-boot-starter-aop/2.4.4/spring-boot-starter-aop-2.4.4.jar:/home/mendes/.m2/repository/org/aspectj/aspectjweaver/1.9.6/aspectjweaver-1.9.6.jar:/home/mendes/.m2/repository/jakarta/transaction/jakarta.transaction-api/1.3.3/jakarta.transaction-api-1.3.3.jar:/home/mendes/.m2/repository/jakarta/persistence/jakarta.persistence-api/2.2.3/jakarta.persistence-api-2.2.3.jar:/home/mendes/.m2/repository/org/hibernate/hibernate-core/5.4.29.Final/hibernate-core-5.4.29.Final.jar:/home/mendes/.m2/repository/org/jboss/logging/jboss-logging/3.4.1.Final/jboss-logging-3.4.1.Final.jar:/home/mendes/.m2/repository/org/javassist/javassist/3.27.0-GA/javassist-3.27.0-GA.jar:/home/mendes/.m2/repository/antlr/antlr/2.7.7/antlr-2.7.7.jar:/home/mendes/.m2/repository/org/jboss/jandex/2.2.3.Final/jandex-2.2.3.Final.jar:/home/mendes/.m2/repository/org/dom4j/dom4j/2.1.3/dom4j-2.1.3.jar:/home/mendes/.m2/repository/org/hibernate/common/hibernate-commons-annotations/5.1.2.Final/hibernate-commons-annotations-5.1.2.Final.jar:/home/mendes/.m2/repository/org/glassfish/jaxb/jaxb-runtime/2.3.3/jaxb-runtime-2.3.3.jar:/home/mendes/.m2/repository/org/glassfish/jaxb/txw2/2.3.3/txw2-2.3.3.jar:/home/mendes/.m2/repository/com/sun/istack/istack-commons-runtime/3.0.11/istack-commons-runtime-3.0.11.jar:/home/mendes/.m2/repository/com/sun/activation/jakarta.activation/1.2.2/jakarta.activation-1.2.2.jar:/home/mendes/.m2/repository/org/springframework/data/spring-data-jpa/2.4.6/spring-data-jpa-2.4.6.jar:/home/mendes/.m2/repository/org/springframework/spring-orm/5.3.5/spring-orm-5.3.5.jar:/home/mendes/.m2/repository/org/springframework/spring-aspects/5.3.5/spring-aspects-5.3.5.jar:/home/mendes/.m2/repository/org/projectlombok/lombok/1.18.18/lombok-1.18.18.jar:"/>
    <property name="java.vm.vendor" value="Ubuntu"/>
    <property name="sun.arch.data.model" value="64"/>
    <property name="java.vendor.url" value="https://ubuntu.com/"/>
    <property name="user.timezone" value=""/>
    <property name="user.country.format" value="BR"/>
    <property name="java.vm.specification.version" value="11"/>
    <property name="os.name" value="Linux"/>
    <property name="sun.java.launcher" value="SUN_STANDARD"/>
    <property name="user.country" value="US"/>
    <property name="sun.boot.library.path" value="/usr/lib/jvm/java-11-openjdk-amd64/lib"/>
    <property name="sun.java.command" value="/home/mendes/Documents/dna-simians/target/surefire/surefirebooter14017729025282823581.jar /home/mendes/Documents/dna-simians/target/surefire 2021-04-02T09-20-50_714-jvmRun1 surefire15571038051049116325tmp surefire_616646964659889745571tmp"/>
    <property name="jdk.debug" value="release"/>
    <property name="surefire.test.class.path" value="/home/mendes/Documents/dna-simians/target/test-classes:/home/mendes/Documents/dna-simians/target/classes:/home/mendes/.m2/repository/io/springfox/springfox-boot-starter/3.0.0/springfox-boot-starter-3.0.0.jar:/home/mendes/.m2/repository/io/springfox/springfox-oas/3.0.0/springfox-oas-3.0.0.jar:/home/mendes/.m2/repository/io/swagger/core/v3/swagger-annotations/2.1.2/swagger-annotations-2.1.2.jar:/home/mendes/.m2/repository/io/swagger/core/v3/swagger-models/2.1.2/swagger-models-2.1.2.jar:/home/mendes/.m2/repository/com/fasterxml/jackson/core/jackson-annotations/2.11.4/jackson-annotations-2.11.4.jar:/home/mendes/.m2/repository/io/springfox/springfox-spi/3.0.0/springfox-spi-3.0.0.jar:/home/mendes/.m2/repository/io/springfox/springfox-schema/3.0.0/springfox-schema-3.0.0.jar:/home/mendes/.m2/repository/io/springfox/springfox-spring-web/3.0.0/springfox-spring-web-3.0.0.jar:/home/mendes/.m2/repository/io/github/classgraph/classgraph/4.8.83/classgraph-4.8.83.jar:/home/mendes/.m2/repository/io/springfox/springfox-spring-webflux/3.0.0/springfox-spring-webflux-3.0.0.jar:/home/mendes/.m2/repository/io/springfox/springfox-swagger-common/3.0.0/springfox-swagger-common-3.0.0.jar:/home/mendes/.m2/repository/io/springfox/springfox-data-rest/3.0.0/springfox-data-rest-3.0.0.jar:/home/mendes/.m2/repository/io/springfox/springfox-bean-validators/3.0.0/springfox-bean-validators-3.0.0.jar:/home/mendes/.m2/repository/io/springfox/springfox-swagger2/3.0.0/springfox-swagger2-3.0.0.jar:/home/mendes/.m2/repository/io/swagger/swagger-annotations/1.5.20/swagger-annotations-1.5.20.jar:/home/mendes/.m2/repository/io/swagger/swagger-models/1.5.20/swagger-models-1.5.20.jar:/home/mendes/.m2/repository/com/fasterxml/classmate/1.5.1/classmate-1.5.1.jar:/home/mendes/.m2/repository/org/slf4j/slf4j-api/1.7.30/slf4j-api-1.7.30.jar:/home/mendes/.m2/repository/org/springframework/plugin/spring-plugin-core/2.0.0.RELEASE/spring-plugin-core-2.0.0.RELEASE.jar:/home/mendes/.m2/repository/org/springframework/spring-beans/5.3.5/spring-beans-5.3.5.jar:/home/mendes/.m2/repository/org/springframework/spring-aop/5.3.5/spring-aop-5.3.5.jar:/home/mendes/.m2/repository/org/springframework/plugin/spring-plugin-metadata/2.0.0.RELEASE/spring-plugin-metadata-2.0.0.RELEASE.jar:/home/mendes/.m2/repository/io/springfox/springfox-swagger-ui/3.0.0/springfox-swagger-ui-3.0.0.jar:/home/mendes/.m2/repository/io/springfox/springfox-spring-webmvc/3.0.0/springfox-spring-webmvc-3.0.0.jar:/home/mendes/.m2/repository/io/springfox/springfox-core/3.0.0/springfox-core-3.0.0.jar:/home/mendes/.m2/repository/net/bytebuddy/byte-buddy/1.10.22/byte-buddy-1.10.22.jar:/home/mendes/.m2/repository/org/springframework/boot/spring-boot-starter-actuator/2.4.4/spring-boot-starter-actuator-2.4.4.jar:/home/mendes/.m2/repository/org/springframework/boot/spring-boot-starter/2.4.4/spring-boot-starter-2.4.4.jar:/home/mendes/.m2/repository/org/springframework/boot/spring-boot-starter-logging/2.4.4/spring-boot-starter-logging-2.4.4.jar:/home/mendes/.m2/repository/ch/qos/logback/logback-classic/1.2.3/logback-classic-1.2.3.jar:/home/mendes/.m2/repository/ch/qos/logback/logback-core/1.2.3/logback-core-1.2.3.jar:/home/mendes/.m2/repository/org/apache/logging/log4j/log4j-to-slf4j/2.13.3/log4j-to-slf4j-2.13.3.jar:/home/mendes/.m2/repository/org/apache/logging/log4j/log4j-api/2.13.3/log4j-api-2.13.3.jar:/home/mendes/.m2/repository/org/slf4j/jul-to-slf4j/1.7.30/jul-to-slf4j-1.7.30.jar:/home/mendes/.m2/repository/jakarta/annotation/jakarta.annotation-api/1.3.5/jakarta.annotation-api-1.3.5.jar:/home/mendes/.m2/repository/org/yaml/snakeyaml/1.27/snakeyaml-1.27.jar:/home/mendes/.m2/repository/org/springframework/boot/spring-boot-actuator-autoconfigure/2.4.4/spring-boot-actuator-autoconfigure-2.4.4.jar:/home/mendes/.m2/repository/org/springframework/boot/spring-boot-actuator/2.4.4/spring-boot-actuator-2.4.4.jar:/home/mendes/.m2/repository/com/fasterxml/jackson/core/jackson-databind/2.11.4/jackson-databind-2.11.4.jar:/home/mendes/.m2/repository/com/fasterxml/jackson/core/jackson-core/2.11.4/jackson-core-2.11.4.jar:/home/mendes/.m2/repository/com/fasterxml/jackson/datatype/jackson-datatype-jsr310/2.11.4/jackson-datatype-jsr310-2.11.4.jar:/home/mendes/.m2/repository/io/micrometer/micrometer-core/1.6.5/micrometer-core-1.6.5.jar:/home/mendes/.m2/repository/org/hdrhistogram/HdrHistogram/2.1.12/HdrHistogram-2.1.12.jar:/home/mendes/.m2/repository/org/latencyutils/LatencyUtils/2.0.3/LatencyUtils-2.0.3.jar:/home/mendes/.m2/repository/org/springframework/boot/spring-boot-devtools/2.4.4/spring-boot-devtools-2.4.4.jar:/home/mendes/.m2/repository/org/springframework/boot/spring-boot/2.4.4/spring-boot-2.4.4.jar:/home/mendes/.m2/repository/org/springframework/boot/spring-boot-autoconfigure/2.4.4/spring-boot-autoconfigure-2.4.4.jar:/home/mendes/.m2/repository/org/springframework/boot/spring-boot-starter-test/2.4.4/spring-boot-starter-test-2.4.4.jar:/home/mendes/.m2/repository/org/springframework/boot/spring-boot-test/2.4.4/spring-boot-test-2.4.4.jar:/home/mendes/.m2/repository/org/springframework/boot/spring-boot-test-autoconfigure/2.4.4/spring-boot-test-autoconfigure-2.4.4.jar:/home/mendes/.m2/repository/com/jayway/jsonpath/json-path/2.4.0/json-path-2.4.0.jar:/home/mendes/.m2/repository/net/minidev/json-smart/2.3/json-smart-2.3.jar:/home/mendes/.m2/repository/net/minidev/accessors-smart/1.2/accessors-smart-1.2.jar:/home/mendes/.m2/repository/org/ow2/asm/asm/5.0.4/asm-5.0.4.jar:/home/mendes/.m2/repository/jakarta/xml/bind/jakarta.xml.bind-api/2.3.3/jakarta.xml.bind-api-2.3.3.jar:/home/mendes/.m2/repository/jakarta/activation/jakarta.activation-api/1.2.2/jakarta.activation-api-1.2.2.jar:/home/mendes/.m2/repository/org/assertj/assertj-core/3.18.1/assertj-core-3.18.1.jar:/home/mendes/.m2/repository/org/hamcrest/hamcrest/2.2/hamcrest-2.2.jar:/home/mendes/.m2/repository/org/junit/jupiter/junit-jupiter/5.7.1/junit-jupiter-5.7.1.jar:/home/mendes/.m2/repository/org/junit/jupiter/junit-jupiter-api/5.7.1/junit-jupiter-api-5.7.1.jar:/home/mendes/.m2/repository/org/opentest4j/opentest4j/1.2.0/opentest4j-1.2.0.jar:/home/mendes/.m2/repository/org/junit/platform/junit-platform-commons/1.7.1/junit-platform-commons-1.7.1.jar:/home/mendes/.m2/repository/org/junit/jupiter/junit-jupiter-params/5.7.1/junit-jupiter-params-5.7.1.jar:/home/mendes/.m2/repository/org/junit/jupiter/junit-jupiter-engine/5.7.1/junit-jupiter-engine-5.7.1.jar:/home/mendes/.m2/repository/org/junit/platform/junit-platform-engine/1.7.1/junit-platform-engine-1.7.1.jar:/home/mendes/.m2/repository/org/mockito/mockito-core/3.6.28/mockito-core-3.6.28.jar:/home/mendes/.m2/repository/net/bytebuddy/byte-buddy-agent/1.10.22/byte-buddy-agent-1.10.22.jar:/home/mendes/.m2/repository/org/objenesis/objenesis/3.1/objenesis-3.1.jar:/home/mendes/.m2/repository/org/mockito/mockito-junit-jupiter/3.6.28/mockito-junit-jupiter-3.6.28.jar:/home/mendes/.m2/repository/org/skyscreamer/jsonassert/1.5.0/jsonassert-1.5.0.jar:/home/mendes/.m2/repository/com/vaadin/external/google/android-json/0.0.20131108.vaadin1/android-json-0.0.20131108.vaadin1.jar:/home/mendes/.m2/repository/org/springframework/spring-core/5.3.5/spring-core-5.3.5.jar:/home/mendes/.m2/repository/org/springframework/spring-jcl/5.3.5/spring-jcl-5.3.5.jar:/home/mendes/.m2/repository/org/springframework/spring-test/5.3.5/spring-test-5.3.5.jar:/home/mendes/.m2/repository/org/xmlunit/xmlunit-core/2.7.0/xmlunit-core-2.7.0.jar:/home/mendes/.m2/repository/junit/junit/4.13.2/junit-4.13.2.jar:/home/mendes/.m2/repository/org/hamcrest/hamcrest-core/2.2/hamcrest-core-2.2.jar:/home/mendes/.m2/repository/org/mockito/mockito-all/1.10.19/mockito-all-1.10.19.jar:/home/mendes/.m2/repository/io/rest-assured/rest-assured/3.3.0/rest-assured-3.3.0.jar:/home/mendes/.m2/repository/org/codehaus/groovy/groovy/2.5.14/groovy-2.5.14.jar:/home/mendes/.m2/repository/org/codehaus/groovy/groovy-xml/2.5.14/groovy-xml-2.5.14.jar:/home/mendes/.m2/repository/org/apache/httpcomponents/httpclient/4.5.13/httpclient-4.5.13.jar:/home/mendes/.m2/repository/org/apache/httpcomponents/httpcore/4.4.14/httpcore-4.4.14.jar:/home/mendes/.m2/repository/commons-codec/commons-codec/1.15/commons-codec-1.15.jar:/home/mendes/.m2/repository/org/apache/httpcomponents/httpmime/4.5.13/httpmime-4.5.13.jar:/home/mendes/.m2/repository/org/hamcrest/hamcrest-library/2.2/hamcrest-library-2.2.jar:/home/mendes/.m2/repository/org/ccil/cowan/tagsoup/tagsoup/1.2.1/tagsoup-1.2.1.jar:/home/mendes/.m2/repository/io/rest-assured/json-path/3.3.0/json-path-3.3.0.jar:/home/mendes/.m2/repository/org/codehaus/groovy/groovy-json/2.5.14/groovy-json-2.5.14.jar:/home/mendes/.m2/repository/io/rest-assured/rest-assured-common/3.3.0/rest-assured-common-3.3.0.jar:/home/mendes/.m2/repository/io/rest-assured/xml-path/3.3.0/xml-path-3.3.0.jar:/home/mendes/.m2/repository/org/apache/commons/commons-lang3/3.11/commons-lang3-3.11.jar:/home/mendes/.m2/repository/javax/xml/bind/jaxb-api/2.3.1/jaxb-api-2.3.1.jar:/home/mendes/.m2/repository/com/sun/xml/bind/jaxb-osgi/2.2.10/jaxb-osgi-2.2.10.jar:/home/mendes/.m2/repository/org/apache/sling/org.apache.sling.javax.activation/0.1.0/org.apache.sling.javax.activation-0.1.0.jar:/home/mendes/.m2/repository/javax/activation/activation/1.1.1/activation-1.1.1.jar:/home/mendes/.m2/repository/io/cucumber/cucumber-java8/6.8.1/cucumber-java8-6.8.1.jar:/home/mendes/.m2/repository/io/cucumber/cucumber-core/6.8.1/cucumber-core-6.8.1.jar:/home/mendes/.m2/repository/io/cucumber/cucumber-gherkin/6.8.1/cucumber-gherkin-6.8.1.jar:/home/mendes/.m2/repository/io/cucumber/cucumber-gherkin-messages/6.8.1/cucumber-gherkin-messages-6.8.1.jar:/home/mendes/.m2/repository/io/cucumber/messages/13.1.0/messages-13.1.0.jar:/home/mendes/.m2/repository/io/cucumber/tag-expressions/3.0.0/tag-expressions-3.0.0.jar:/home/mendes/.m2/repository/io/cucumber/cucumber-expressions/10.3.0/cucumber-expressions-10.3.0.jar:/home/mendes/.m2/repository/io/cucumber/datatable/3.5.0/datatable-3.5.0.jar:/home/mendes/.m2/repository/io/cucumber/cucumber-plugin/6.8.1/cucumber-plugin-6.8.1.jar:/home/mendes/.m2/repository/io/cucumber/docstring/6.8.1/docstring-6.8.1.jar:/home/mendes/.m2/repository/io/cucumber/html-formatter/9.0.0/html-formatter-9.0.0.jar:/home/mendes/.m2/repository/io/cucumber/create-meta/2.0.2/create-meta-2.0.2.jar:/home/mendes/.m2/repository/org/apiguardian/apiguardian-api/1.1.0/apiguardian-api-1.1.0.jar:/home/mendes/.m2/repository/net/jodah/typetools/0.6.2/typetools-0.6.2.jar:/home/mendes/.m2/repository/io/cucumber/cucumber-spring/6.8.1/cucumber-spring-6.8.1.jar:/home/mendes/.m2/repository/io/cucumber/cucumber-junit/6.8.1/cucumber-junit-6.8.1.jar:/home/mendes/.m2/repository/io/awspring/cloud/spring-cloud-aws-context/2.3.0/spring-cloud-aws-context-2.3.0.jar:/home/mendes/.m2/repository/io/awspring/cloud/spring-cloud-aws-core/2.3.0/spring-cloud-aws-core-2.3.0.jar:/home/mendes/.m2/repository/com/amazonaws/aws-java-sdk-core/1.11.951/aws-java-sdk-core-1.11.951.jar:/home/mendes/.m2/repository/software/amazon/ion/ion-java/1.0.2/ion-java-1.0.2.jar:/home/mendes/.m2/repository/com/fasterxml/jackson/dataformat/jackson-dataformat-cbor/2.11.4/jackson-dataformat-cbor-2.11.4.jar:/home/mendes/.m2/repository/joda-time/joda-time/2.8.1/joda-time-2.8.1.jar:/home/mendes/.m2/repository/com/amazonaws/aws-java-sdk-s3/1.11.951/aws-java-sdk-s3-1.11.951.jar:/home/mendes/.m2/repository/com/amazonaws/aws-java-sdk-kms/1.11.951/aws-java-sdk-kms-1.11.951.jar:/home/mendes/.m2/repository/com/amazonaws/aws-java-sdk-ec2/1.11.951/aws-java-sdk-ec2-1.11.951.jar:/home/mendes/.m2/repository/org/springframework/spring-context/5.3.5/spring-context-5.3.5.jar:/home/mendes/.m2/repository/org/springframework/spring-expression/5.3.5/spring-expression-5.3.5.jar:/home/mendes/.m2/repository/javax/activation/javax.activation-api/1.2.0/javax.activation-api-1.2.0.jar:/home/mendes/.m2/repository/io/awspring/cloud/spring-cloud-aws-messaging/2.3.0/spring-cloud-aws-messaging-2.3.0.jar:/home/mendes/.m2/repository/com/amazonaws/aws-java-sdk-sns/1.11.951/aws-java-sdk-sns-1.11.951.jar:/home/mendes/.m2/repository/com/amazonaws/jmespath-java/1.11.951/jmespath-java-1.11.951.jar:/home/mendes/.m2/repository/com/amazonaws/aws-java-sdk-sqs/1.11.951/aws-java-sdk-sqs-1.11.951.jar:/home/mendes/.m2/repository/org/springframework/spring-messaging/5.3.5/spring-messaging-5.3.5.jar:/home/mendes/.m2/repository/javax/validation/validation-api/2.0.1.Final/validation-api-2.0.1.Final.jar:/home/mendes/.m2/repository/org/springframework/boot/spring-boot-starter-web/2.4.4/spring-boot-starter-web-2.4.4.jar:/home/mendes/.m2/repository/org/springframework/boot/spring-boot-starter-json/2.4.4/spring-boot-starter-json-2.4.4.jar:/home/mendes/.m2/repository/com/fasterxml/jackson/datatype/jackson-datatype-jdk8/2.11.4/jackson-datatype-jdk8-2.11.4.jar:/home/mendes/.m2/repository/com/fasterxml/jackson/module/jackson-module-parameter-names/2.11.4/jackson-module-parameter-names-2.11.4.jar:/home/mendes/.m2/repository/org/springframework/boot/spring-boot-starter-tomcat/2.4.4/spring-boot-starter-tomcat-2.4.4.jar:/home/mendes/.m2/repository/org/apache/tomcat/embed/tomcat-embed-core/9.0.44/tomcat-embed-core-9.0.44.jar:/home/mendes/.m2/repository/org/glassfish/jakarta.el/3.0.3/jakarta.el-3.0.3.jar:/home/mendes/.m2/repository/org/apache/tomcat/embed/tomcat-embed-websocket/9.0.44/tomcat-embed-websocket-9.0.44.jar:/home/mendes/.m2/repository/org/springframework/spring-web/5.3.5/spring-web-5.3.5.jar:/home/mendes/.m2/repository/org/springframework/spring-webmvc/5.3.5/spring-webmvc-5.3.5.jar:/home/mendes/.m2/repository/org/mapstruct/mapstruct/1.4.1.Final/mapstruct-1.4.1.Final.jar:/home/mendes/.m2/repository/org/postgresql/postgresql/42.2.19/postgresql-42.2.19.jar:/home/mendes/.m2/repository/org/checkerframework/checker-qual/3.5.0/checker-qual-3.5.0.jar:/home/mendes/.m2/repository/org/springframework/boot/spring-boot-starter-data-jdbc/2.4.4/spring-boot-starter-data-jdbc-2.4.4.jar:/home/mendes/.m2/repository/org/springframework/boot/spring-boot-starter-jdbc/2.4.4/spring-boot-starter-jdbc-2.4.4.jar:/home/mendes/.m2/repository/com/zaxxer/HikariCP/3.4.5/HikariCP-3.4.5.jar:/home/mendes/.m2/repository/org/springframework/spring-jdbc/5.3.5/spring-jdbc-5.3.5.jar:/home/mendes/.m2/repository/org/springframework/data/spring-data-jdbc/2.1.6/spring-data-jdbc-2.1.6.jar:/home/mendes/.m2/repository/org/springframework/data/spring-data-relational/2.1.6/spring-data-relational-2.1.6.jar:/home/mendes/.m2/repository/org/springframework/data/spring-data-commons/2.4.6/spring-data-commons-2.4.6.jar:/home/mendes/.m2/repository/org/springframework/spring-tx/5.3.5/spring-tx-5.3.5.jar:/home/mendes/.m2/repository/org/springframework/boot/spring-boot-starter-data-jpa/2.4.4/spring-boot-starter-data-jpa-2.4.4.jar:/home/mendes/.m2/repository/org/springframework/boot/spring-boot-starter-aop/2.4.4/spring-boot-starter-aop-2.4.4.jar:/home/mendes/.m2/repository/org/aspectj/aspectjweaver/1.9.6/aspectjweaver-1.9.6.jar:/home/mendes/.m2/repository/jakarta/transaction/jakarta.transaction-api/1.3.3/jakarta.transaction-api-1.3.3.jar:/home/mendes/.m2/repository/jakarta/persistence/jakarta.persistence-api/2.2.3/jakarta.persistence-api-2.2.3.jar:/home/mendes/.m2/repository/org/hibernate/hibernate-core/5.4.29.Final/hibernate-core-5.4.29.Final.jar:/home/mendes/.m2/repository/org/jboss/logging/jboss-logging/3.4.1.Final/jboss-logging-3.4.1.Final.jar:/home/mendes/.m2/repository/org/javassist/javassist/3.27.0-GA/javassist-3.27.0-GA.jar:/home/mendes/.m2/repository/antlr/antlr/2.7.7/antlr-2.7.7.jar:/home/mendes/.m2/repository/org/jboss/jandex/2.2.3.Final/jandex-2.2.3.Final.jar:/home/mendes/.m2/repository/org/dom4j/dom4j/2.1.3/dom4j-2.1.3.jar:/home/mendes/.m2/repository/org/hibernate/common/hibernate-commons-annotations/5.1.2.Final/hibernate-commons-annotations-5.1.2.Final.jar:/home/mendes/.m2/repository/org/glassfish/jaxb/jaxb-runtime/2.3.3/jaxb-runtime-2.3.3.jar:/home/mendes/.m2/repository/org/glassfish/jaxb/txw2/2.3.3/txw2-2.3.3.jar:/home/mendes/.m2/repository/com/sun/istack/istack-commons-runtime/3.0.11/istack-commons-runtime-3.0.11.jar:/home/mendes/.m2/repository/com/sun/activation/jakarta.activation/1.2.2/jakarta.activation-1.2.2.jar:/home/mendes/.m2/repository/org/springframework/data/spring-data-jpa/2.4.6/spring-data-jpa-2.4.6.jar:/home/mendes/.m2/repository/org/springframework/spring-orm/5.3.5/spring-orm-5.3.5.jar:/home/mendes/.m2/repository/org/springframework/spring-aspects/5.3.5/spring-aspects-5.3.5.jar:/home/mendes/.m2/repository/org/projectlombok/lombok/1.18.18/lombok-1.18.18.jar:"/>
    <property name="sun.cpu.endian" value="little"/>
    <property name="user.home" value="/home/mendes"/>
    <property name="user.language" value="en"/>
    <property name="java.specification.vendor" value="Oracle Corporation"/>
    <property name="java.version.date" value="2021-01-19"/>
    <property name="java.home" value="/usr/lib/jvm/java-11-openjdk-amd64"/>
    <property name="file.separator" value="/"/>
    <property name="basedir" value="/home/mendes/Documents/dna-simians"/>
    <property name="java.vm.compressedOopsMode" value="32-bit"/>
    <property name="line.separator" value="&#10;"/>
    <property name="java.specification.name" value="Java Platform API Specification"/>
    <property name="java.vm.specification.vendor" value="Oracle Corporation"/>
    <property name="java.awt.graphicsenv" value="sun.awt.X11GraphicsEnvironment"/>
    <property name="surefire.real.class.path" value="/home/mendes/Documents/dna-simians/target/surefire/surefirebooter14017729025282823581.jar"/>
    <property name="sun.management.compiler" value="HotSpot 64-Bit Tiered Compilers"/>
    <property name="java.runtime.version" value="11.0.10+9-Ubuntu-0ubuntu1.20.04"/>
    <property name="user.name" value="mendes"/>
    <property name="path.separator" value=":"/>
    <property name="os.version" value="5.8.0-48-generic"/>
    <property name="java.runtime.name" value="OpenJDK Runtime Environment"/>
    <property name="file.encoding" value="UTF-8"/>
    <property name="java.vm.name" value="OpenJDK 64-Bit Server VM"/>
    <property name="localRepository" value="/home/mendes/.m2/repository"/>
    <property name="java.vendor.url.bug" value="https://bugs.launchpad.net/ubuntu/+source/openjdk-lts"/>
    <property name="java.io.tmpdir" value="/tmp"/>
    <property name="java.version" value="11.0.10"/>
    <property name="user.dir" value="/home/mendes/Documents/dna-simians"/>
    <property name="os.arch" value="amd64"/>
    <property name="java.vm.specification.name" value="Java Virtual Machine Specification"/>
    <property name="java.awt.printerjob" value="sun.print.PSPrinterJob"/>
    <property name="user.language.format" value="pt"/>
    <property name="sun.os.patch.level" value="unknown"/>
    <property name="java.library.path" value="/usr/java/packages/lib:/usr/lib/x86_64-linux-gnu/jni:/lib/x86_64-linux-gnu:/usr/lib/x86_64-linux-gnu:/usr/lib/jni:/lib:/usr/lib"/>
    <property name="java.vm.info" value="mixed mode, sharing"/>
    <property name="java.vendor" value="Ubuntu"/>
    <property name="java.vm.version" value="11.0.10+9-Ubuntu-0ubuntu1.20.04"/>
    <property name="sun.io.unicode.encoding" value="UnicodeLittle"/>
    <property name="java.class.version" value="55.0"/>
  </properties>
  <testcase name="validRequestBody" classname="br.com.guimsmendes.dnasimians.unit.entrypoint.controller.SimianControllerTest" time="0.72"/>
  <testcase name="isSimianOk" classname="br.com.guimsmendes.dnasimians.unit.entrypoint.controller.SimianControllerTest" time="0.136"/>
  <testcase name="inputOutOfBoundsRequestBody" classname="br.com.guimsmendes.dnasimians.unit.entrypoint.controller.SimianControllerTest" time="0.003"/>
  <testcase name="invalidRequestBody" classname="br.com.guimsmendes.dnasimians.unit.entrypoint.controller.SimianControllerTest" time="0.002"/>
  <testcase name="isSimianForbidden" classname="br.com.guimsmendes.dnasimians.unit.entrypoint.controller.SimianControllerTest" time="0.002"/>
  <testcase name="getStats" classname="br.com.guimsmendes.dnasimians.unit.entrypoint.controller.SimianControllerTest" time="0.005"/>
</testsuite>